<?xml version="1.0" encoding="UTF-8"?>
<!-- Generated by org.testng.reporters.JUnitReportReporter -->
<testsuite skipped="0" hostname="DESKTOP-30HO4O2" name="automate.oms.DocumentValidation" tests="1" failures="0" timestamp="2020-09-24T11:23:35 IST" time="195.228" errors="0">
  <testcase name="openAddNewSKUPage" time="195.228" classname="automate.oms.DocumentValidation"/>
  <system-out/>
</testsuite> <!-- automate.oms.DocumentValidation -->
