<?xml version="1.0" encoding="UTF-8"?>
<!-- Generated by org.testng.reporters.JUnitReportReporter -->
<testsuite skipped="0" hostname="DESKTOP-30HO4O2" name="automate.oms.PropCheck" tests="1" failures="0" timestamp="2020-08-25T08:49:34 IST" time="23.977" errors="0">
  <testcase name="openAddNewSKUPage" time="23.977" classname="automate.oms.PropCheck"/>
  <system-out/>
</testsuite> <!-- automate.oms.PropCheck -->
