<?xml version="1.0" encoding="UTF-8"?>
<!-- Generated by org.testng.reporters.JUnitReportReporter -->
<testsuite skipped="0" hostname="DESKTOP-30HO4O2" name="automate.oms.g" tests="1" failures="0" timestamp="2020-08-31T18:56:17 IST" time="135.009" errors="0">
  <testcase name="openAddNewSKUPage" time="135.009" classname="automate.oms.g"/>
  <system-out/>
</testsuite> <!-- automate.oms.g -->
