<?xml version="1.0" encoding="UTF-8"?>
<!-- Generated by org.testng.reporters.JUnitReportReporter -->
<testsuite skipped="0" hostname="DESKTOP-30HO4O2" name="automate.oms.AeseHi" tests="1" failures="0" timestamp="2020-08-31T09:56:09 IST" time="27.034" errors="0">
  <testcase name="openAddNewSKUPage" time="27.034" classname="automate.oms.AeseHi"/>
  <system-out/>
</testsuite> <!-- automate.oms.AeseHi -->
