<?xml version="1.0" encoding="UTF-8"?>
<!-- Generated by org.testng.reporters.JUnitReportReporter -->
<testsuite skipped="0" hostname="DESKTOP-30HO4O2" name="automate.oms.MastersSKU" tests="1" failures="0" timestamp="2020-08-29T20:38:55 IST" time="24.744" errors="0">
  <testcase name="openAddNewSKUPage" time="24.744" classname="automate.oms.MastersSKU"/>
  <system-out/>
</testsuite> <!-- automate.oms.MastersSKU -->
