<?xml version="1.0" encoding="UTF-8"?>
<!-- Generated by org.testng.reporters.JUnitReportReporter -->
<testsuite skipped="0" hostname="DESKTOP-30HO4O2" name="automate.oms.ReadExcel" tests="1" failures="0" timestamp="2020-08-29T13:54:40 IST" time="33.255" errors="0">
  <testcase name="openAddNewSKUPage" time="33.255" classname="automate.oms.ReadExcel"/>
  <system-out/>
</testsuite> <!-- automate.oms.ReadExcel -->
