<?xml version="1.0" encoding="UTF-8"?>
<!-- Generated by org.testng.reporters.JUnitReportReporter -->
<testsuite skipped="0" hostname="DESKTOP-30HO4O2" name="automate.oms.SKU" tests="1" failures="0" timestamp="2020-08-24T09:09:58 IST" time="21.073" errors="0">
  <testcase name="openAddNewSKUPage" time="21.073" classname="automate.oms.SKU"/>
  <system-out/>
</testsuite> <!-- automate.oms.SKU -->
